<?xml version="1.0" encoding="UTF-8"?>
<!-- Generated by org.testng.reporters.JUnitReportReporter -->
<testsuite hostname="DESKTOP-NPOGQ3C" failures="0" tests="10" name="MyTestCases" time="0.646" errors="0" timestamp="2024-12-11T00:20:37 EET" skipped="9">
  <testcase classname="MyTestCases" name="CheckEnglishLangIsDefult" time="0.646"/>
  <system-out/>
  <testcase classname="MyTestCases" name="CheckContactNumber">
    <skipped/>
  </testcase> <!-- CheckContactNumber -->
  <system-out/>
  <testcase classname="MyTestCases" name="CheckDepatureDate">
    <skipped/>
  </testcase> <!-- CheckDepatureDate -->
  <system-out/>
  <testcase classname="MyTestCases" name="CheckTheDefultCurrencyIsSAR">
    <skipped/>
  </testcase> <!-- CheckTheDefultCurrencyIsSAR -->
  <system-out/>
  <testcase classname="MyTestCases" name="CheckReturnDate">
    <skipped/>
  </testcase> <!-- CheckReturnDate -->
  <system-out/>
  <testcase classname="MyTestCases" name="RandomlyChangeTheLanguage">
    <skipped/>
  </testcase> <!-- RandomlyChangeTheLanguage -->
  <system-out/>
  <testcase classname="MyTestCases" name="CheackTheSortOption">
    <skipped/>
  </testcase> <!-- CheackTheSortOption -->
  <system-out/>
  <testcase classname="MyTestCases" name="checkPageIsFullyLoading">
    <skipped/>
  </testcase> <!-- checkPageIsFullyLoading -->
  <system-out/>
  <testcase classname="MyTestCases" name="CheckTheHotelNotSelected">
    <skipped/>
  </testcase> <!-- CheckTheHotelNotSelected -->
  <system-out/>
  <testcase classname="MyTestCases" name="ChickQitafLogo">
    <skipped/>
  </testcase> <!-- ChickQitafLogo -->
  <system-out/>
</testsuite> <!-- MyTestCases -->
