<?xml version="1.0" encoding="UTF-8"?>
<!-- Generated by org.testng.reporters.JUnitReportReporter -->
<testsuite hostname="DESKTOP-NPOGQ3C" failures="0" tests="10" name="MyTestCases" time="62.782" errors="0" timestamp="2024-12-01T18:26:57 EET" skipped="0">
  <testcase classname="MyTestCases" name="CheckEnglishLangIsDefult" time="0.182"/>
  <system-out/>
  <testcase classname="MyTestCases" name="CheckTheDefultCurrencyIsSAR" time="1.284"/>
  <system-out/>
  <testcase classname="MyTestCases" name="CheckContactNumber" time="0.087"/>
  <system-out/>
  <testcase classname="MyTestCases" name="ChickQitafLogo" time="0.380"/>
  <system-out/>
  <testcase classname="MyTestCases" name="CheckTheHotelNotSelected" time="0.173"/>
  <system-out/>
  <testcase classname="MyTestCases" name="CheckDepatureDate" time="0.050"/>
  <system-out/>
  <testcase classname="MyTestCases" name="CheckReturnDate" time="0.047"/>
  <system-out/>
  <testcase classname="MyTestCases" name="RandomlyChangeTheLanguage" time="34.290"/>
  <system-out/>
  <testcase classname="MyTestCases" name="checkPageIsFullyLoading" time="0.087"/>
  <system-out/>
  <testcase classname="MyTestCases" name="CheackTheSortOption" time="26.202"/>
  <system-out/>
</testsuite> <!-- MyTestCases -->
