<?xml version="1.0" encoding="UTF-8"?>
<!-- Generated by org.testng.reporters.JUnitReportReporter -->
<testsuite hostname="DESKTOP-NPOGQ3C" failures="0" tests="12" name="MyTestCases" time="6.981" errors="0" timestamp="2024-10-27T00:41:50 EET" skipped="0">
  <testcase classname="MyTestCases" name="CheckEnglishLangIsDefult" time="0.069"/>
  <system-out/>
  <testcase classname="MyTestCases" name="CheckTheDefultCurrencyIsSAR" time="0.051"/>
  <system-out/>
  <testcase classname="MyTestCases" name="CheckContactNumber" time="0.047"/>
  <system-out/>
  <testcase classname="MyTestCases" name="ChickQitafLogo" time="0.139"/>
  <system-out/>
  <testcase classname="MyTestCases" name="CheckTheHotelNotSelected" time="0.455"/>
  <system-out/>
  <testcase classname="MyTestCases" name="CheckDepatureDate" time="0.615"/>
  <system-out/>
  <testcase classname="MyTestCases" name="CheckReturnDate" time="0.247"/>
  <system-out/>
  <testcase classname="MyTestCases" name="RandomlyChangeTheLanguage" time="0.083"/>
  <system-out/>
  <testcase classname="MyTestCases" name="RandomlyChangeTheLanguage" time="1.626"/>
  <system-out/>
  <testcase classname="MyTestCases" name="RandomlyChangeTheLanguage" time="1.792"/>
  <system-out/>
  <testcase classname="MyTestCases" name="RandomlyChangeTheLanguage" time="0.930"/>
  <system-out/>
  <testcase classname="MyTestCases" name="RandomlyChangeTheLanguage" time="0.927"/>
  <system-out/>
</testsuite> <!-- MyTestCases -->
