<?xml version="1.0" encoding="UTF-8"?>
<!-- Generated by org.testng.reporters.JUnitReportReporter -->
<testsuite hostname="DESKTOP-NPOGQ3C" failures="0" tests="9" name="MyTestCases" time="34.937" errors="0" timestamp="2024-10-29T01:04:15 EET" skipped="0">
  <testcase classname="MyTestCases" name="CheckEnglishLangIsDefult" time="0.066"/>
  <system-out/>
  <testcase classname="MyTestCases" name="CheckTheDefultCurrencyIsSAR" time="0.150"/>
  <system-out/>
  <testcase classname="MyTestCases" name="CheckContactNumber" time="0.877"/>
  <system-out/>
  <testcase classname="MyTestCases" name="ChickQitafLogo" time="0.363"/>
  <system-out/>
  <testcase classname="MyTestCases" name="CheckTheHotelNotSelected" time="0.188"/>
  <system-out/>
  <testcase classname="MyTestCases" name="CheckDepatureDate" time="0.037"/>
  <system-out/>
  <testcase classname="MyTestCases" name="CheckReturnDate" time="0.065"/>
  <system-out/>
  <testcase classname="MyTestCases" name="RandomlyChangeTheLanguage" time="33.109"/>
  <system-out/>
  <testcase classname="MyTestCases" name="checkPageIsFullyLoading" time="0.082"/>
  <system-out/>
</testsuite> <!-- MyTestCases -->
