<?xml version="1.0" encoding="UTF-8"?>
<!-- Generated by org.testng.reporters.JUnitReportReporter -->
<testsuite hostname="DESKTOP-NPOGQ3C" failures="0" tests="9" name="MyTestCases" time="3.625" errors="0" timestamp="2024-10-28T18:38:32 EET" skipped="0">
  <testcase classname="MyTestCases" name="CheckEnglishLangIsDefult" time="0.176"/>
  <system-out/>
  <testcase classname="MyTestCases" name="CheckTheDefultCurrencyIsSAR" time="1.177"/>
  <system-out/>
  <testcase classname="MyTestCases" name="CheckContactNumber" time="0.078"/>
  <system-out/>
  <testcase classname="MyTestCases" name="ChickQitafLogo" time="0.149"/>
  <system-out/>
  <testcase classname="MyTestCases" name="CheckTheHotelNotSelected" time="0.037"/>
  <system-out/>
  <testcase classname="MyTestCases" name="CheckDepatureDate" time="0.038"/>
  <system-out/>
  <testcase classname="MyTestCases" name="CheckReturnDate" time="0.077"/>
  <system-out/>
  <testcase classname="MyTestCases" name="RandomlyChangeTheLanguage" time="1.891"/>
  <system-out/>
  <testcase classname="MyTestCases" name="HotelSearch" time="0.002"/>
  <system-out/>
</testsuite> <!-- MyTestCases -->
