<?xml version="1.0" encoding="UTF-8"?>
<!-- Generated by org.testng.reporters.JUnitReportReporter -->
<testsuite hostname="DESKTOP-NPOGQ3C" failures="0" tests="4" name="MyTestCases" time="0.228" errors="0" timestamp="2024-10-23T19:29:33 EET" skipped="0">
  <testcase classname="MyTestCases" name="CheckEnglishLangIsDefult" time="0.084"/>
  <system-out/>
  <testcase classname="MyTestCases" name="CheckTheDefultCurrencyIsSAR" time="0.042"/>
  <system-out/>
  <testcase classname="MyTestCases" name="CheckContactNumber" time="0.042"/>
  <system-out/>
  <testcase classname="MyTestCases" name="ChickQitafLogo" time="0.060"/>
  <system-out/>
</testsuite> <!-- MyTestCases -->
