<?xml version="1.0" encoding="UTF-8"?>
<!-- Generated by org.testng.reporters.JUnitReportReporter -->
<testsuite hostname="DESKTOP-NPOGQ3C" failures="0" tests="9" name="MyTestCases" time="4.528" errors="0" timestamp="2024-10-28T23:37:14 EET" skipped="0">
  <testcase classname="MyTestCases" name="CheckEnglishLangIsDefult" time="0.066"/>
  <system-out/>
  <testcase classname="MyTestCases" name="CheckTheDefultCurrencyIsSAR" time="0.045"/>
  <system-out/>
  <testcase classname="MyTestCases" name="CheckContactNumber" time="0.041"/>
  <system-out/>
  <testcase classname="MyTestCases" name="ChickQitafLogo" time="0.055"/>
  <system-out/>
  <testcase classname="MyTestCases" name="CheckTheHotelNotSelected" time="0.370"/>
  <system-out/>
  <testcase classname="MyTestCases" name="CheckDepatureDate" time="0.047"/>
  <system-out/>
  <testcase classname="MyTestCases" name="CheckReturnDate" time="0.041"/>
  <system-out/>
  <testcase classname="MyTestCases" name="RandomlyChangeTheLanguage" time="3.859"/>
  <system-out/>
  <testcase classname="MyTestCases" name="test" time="0.004"/>
  <system-out/>
</testsuite> <!-- MyTestCases -->
